<?xml version="1.0" encoding="UTF-8"?>
<!-- Generated by org.testng.reporters.JUnitReportReporter -->
<testsuite skipped="0" hostname="DESKTOP-H2GN6IE" name="com.cmpnyname.projectname.TestPrintMessage" tests="1" failures="0" timestamp="06 Oct 2020 19:01:10 GMT" time="0.025" errors="0">
  <testcase name="testPrintMessage" time="0.025" classname="com.cmpnyname.projectname.TestPrintMessage"/>
</testsuite> <!-- com.cmpnyname.projectname.TestPrintMessage -->
