<?xml version="1.0" encoding="UTF-8"?>
<!-- Generated by org.testng.reporters.JUnitReportReporter -->
<testsuite skipped="0" hostname="DESKTOP-H2GN6IE" name="com.cmpnyname.projectname.LoginTest" tests="2" failures="0" timestamp="03 Nov 2020 03:26:17 GMT" time="18.021" errors="0">
  <testcase name="PositiveLoginTest" time="11.201" classname="com.cmpnyname.projectname.LoginTest"/>
  <testcase name="PositiveLoginTest" time="6.820" classname="com.cmpnyname.projectname.LoginTest"/>
</testsuite> <!-- com.cmpnyname.projectname.LoginTest -->
