<?xml version="1.0" encoding="UTF-8"?>
<!-- Generated by org.testng.reporters.JUnitReportReporter -->
<testsuite skipped="0" hostname="DESKTOP-H2GN6IE" name="com.cmpnyname.projectname.Test2" tests="1" failures="0" timestamp="06 Oct 2020 18:58:22 GMT" time="0.002" errors="0">
  <testcase name="testSalutationMessage" time="0.002" classname="com.cmpnyname.projectname.Test2"/>
</testsuite> <!-- com.cmpnyname.projectname.Test2 -->
