<?xml version="1.0" encoding="UTF-8"?>
<!-- Generated by org.testng.reporters.JUnitReportReporter -->
<testsuite skipped="0" hostname="DESKTOP-H2GN6IE" name="com.cmpnyname.projectname.TestPrintSalMessage" tests="1" failures="0" timestamp="11 Oct 2020 13:28:14 GMT" time="0.017" errors="0">
  <testcase name="testPrintSalMessage" time="0.017" classname="com.cmpnyname.projectname.TestPrintSalMessage"/>
</testsuite> <!-- com.cmpnyname.projectname.TestPrintSalMessage -->
