<?xml version="1.0" encoding="UTF-8"?>
<!-- Generated by org.testng.reporters.JUnitReportReporter -->
<testsuite skipped="0" hostname="DESKTOP-H2GN6IE" name="com.cmpnyname.projectname.GroupTest" tests="2" failures="0" timestamp="11 Oct 2020 13:53:56 GMT" time="0.003" errors="0">
  <testcase name="testprintExitMessage" time="0.003" classname="com.cmpnyname.projectname.GroupTest"/>
  <testcase name="testprintMessage" time="0.000" classname="com.cmpnyname.projectname.GroupTest"/>
</testsuite> <!-- com.cmpnyname.projectname.GroupTest -->
