<?xml version="1.0" encoding="UTF-8"?>
<!-- Generated by org.testng.reporters.JUnitReportReporter -->
<testsuite skipped="0" hostname="DESKTOP-H2GN6IE" name="com.cmpnyname.projectname.Test1" tests="1" failures="0" timestamp="06 Oct 2020 18:58:22 GMT" time="0.026" errors="0">
  <testcase name="testPrintMessage" time="0.026" classname="com.cmpnyname.projectname.Test1"/>
</testsuite> <!-- com.cmpnyname.projectname.Test1 -->
